<?xml version="1.0" encoding="UTF-8"?>
<testsuite name="com.example.ticketing.TicketingApplicationTests" tests="1" skipped="0" failures="0" errors="0" timestamp="2025-07-05T17:25:55.493Z" hostname="gimgisuui-MacBookAir.local" time="0.006">
  <properties/>
  <testcase name="contextLoads()" classname="com.example.ticketing.TicketingApplicationTests" time="0.006"/>
  <system-out><![CDATA[2025-07-06T02:25:54.897+09:00  INFO 77054 --- [    Test worker] t.c.s.AnnotationConfigContextLoaderUtils : Could not detect default configuration classes for test class [com.example.ticketing.TicketingApplicationTests]: TicketingApplicationTests does not declare any static, non-private, non-final, nested classes annotated with @Configuration.
2025-07-06T02:25:54.899+09:00  INFO 77054 --- [    Test worker] .b.t.c.SpringBootTestContextBootstrapper : Found @SpringBootConfiguration com.example.ticketing.TicketingApplication for test class com.example.ticketing.TicketingApplicationTests

  .   ____          _            __ _ _
 /\\ / ___'_ __ _ _(_)_ __  __ _ \ \ \ \
( ( )\___ | '_ | '_| | '_ \/ _` | \ \ \ \
 \\/  ___)| |_)| | | | | || (_| |  ) ) ) )
  '  |____| .__|_| |_|_| |_\__, | / / / /
 =========|_|==============|___/=/_/_/_/

 :: Spring Boot ::                (v3.4.4)

2025-07-06T02:25:54.920+09:00  INFO 77054 --- [    Test worker] c.e.ticketing.TicketingApplicationTests  : Starting TicketingApplicationTests using Java 17.0.15 with PID 77054 (started by gimgisu in /Users/gimgisu/project/ticketing/ticketing-monolithic)
2025-07-06T02:25:54.920+09:00  INFO 77054 --- [    Test worker] c.e.ticketing.TicketingApplicationTests  : No active profile set, falling back to 1 default profile: "default"
2025-07-06T02:25:55.122+09:00  INFO 77054 --- [    Test worker] .s.d.r.c.RepositoryConfigurationDelegate : Bootstrapping Spring Data JPA repositories in DEFAULT mode.
2025-07-06T02:25:55.133+09:00  INFO 77054 --- [    Test worker] .s.d.r.c.RepositoryConfigurationDelegate : Finished Spring Data repository scanning in 9 ms. Found 3 JPA repository interfaces.
2025-07-06T02:25:55.197+09:00  INFO 77054 --- [    Test worker] o.hibernate.jpa.internal.util.LogHelper  : HHH000204: Processing PersistenceUnitInfo [name: default]
2025-07-06T02:25:55.203+09:00  INFO 77054 --- [    Test worker] o.h.c.internal.RegionFactoryInitiator    : HHH000026: Second-level cache disabled
2025-07-06T02:25:55.213+09:00  INFO 77054 --- [    Test worker] o.s.o.j.p.SpringPersistenceUnitInfo      : No LoadTimeWeaver setup: ignoring JPA class transformer
2025-07-06T02:25:55.213+09:00  INFO 77054 --- [    Test worker] com.zaxxer.hikari.HikariDataSource       : HikariPool-2 - Starting...
2025-07-06T02:25:55.224+09:00  INFO 77054 --- [    Test worker] com.zaxxer.hikari.pool.HikariPool        : HikariPool-2 - Added connection com.mysql.cj.jdbc.ConnectionImpl@5bee07c3
2025-07-06T02:25:55.224+09:00  INFO 77054 --- [    Test worker] com.zaxxer.hikari.HikariDataSource       : HikariPool-2 - Start completed.
2025-07-06T02:25:55.225+09:00  INFO 77054 --- [    Test worker] org.hibernate.orm.connections.pooling    : HHH10001005: Database info:
	Database JDBC URL [Connecting through datasource 'HikariDataSource (HikariPool-2)']
	Database driver: undefined/unknown
	Database version: 8.0.40
	Autocommit mode: undefined/unknown
	Isolation level: undefined/unknown
	Minimum pool size: undefined/unknown
	Maximum pool size: undefined/unknown
2025-07-06T02:25:55.267+09:00  INFO 77054 --- [    Test worker] o.h.e.t.j.p.i.JtaPlatformInitiator       : HHH000489: No JTA platform available (set 'hibernate.transaction.jta.platform' to enable JTA platform integration)
2025-07-06T02:25:55.294+09:00  INFO 77054 --- [    Test worker] j.LocalContainerEntityManagerFactoryBean : Initialized JPA EntityManagerFactory for persistence unit 'default'
2025-07-06T02:25:55.359+09:00  WARN 77054 --- [    Test worker] JpaBaseConfiguration$JpaWebConfiguration : spring.jpa.open-in-view is enabled by default. Therefore, database queries may be performed during view rendering. Explicitly configure spring.jpa.open-in-view to disable this warning
2025-07-06T02:25:55.369+09:00  INFO 77054 --- [    Test worker] o.s.v.b.OptionalValidatorFactoryBean     : Failed to set up a Bean Validation provider: jakarta.validation.NoProviderFoundException: Unable to create a Configuration, because no Jakarta Bean Validation provider could be found. Add a provider like Hibernate Validator (RI) to your classpath.
2025-07-06T02:25:55.492+09:00  INFO 77054 --- [    Test worker] c.e.ticketing.TicketingApplicationTests  : Started TicketingApplicationTests in 0.59 seconds (process running for 5.091)
]]></system-out>
  <system-err><![CDATA[]]></system-err>
</testsuite>
